{
  "RSpec": {
    "coverage": {
      "/Users/Max/Programming/turing/3module/projects/rales_engine/app/models/customer.rb": [
        1,
        1,
        1,
        1,
        null,
        1,
        null,
        null,
        null,
        null,
        null,
        null,
        null,
        4,
        null,
        null,
        1,
        3,
        null,
        null,
        null,
        null,
        null,
        null,
        null,
        null,
        null,
        null,
        null,
        null,
        null
      ],
      "/Users/Max/Programming/turing/3module/projects/rales_engine/app/models/application_record.rb": [
        1,
        1,
        null,
        1,
        6,
        null,
        null,
        1,
        6,
        null,
        null
      ],
      "/Users/Max/Programming/turing/3module/projects/rales_engine/app/models/invoice_item.rb": [
        1,
        1,
        1,
        null
      ],
      "/Users/Max/Programming/turing/3module/projects/rales_engine/app/models/invoice.rb": [
        1,
        1,
        1,
        1,
        1,
        1,
        1,
        null,
        1,
        null,
        null,
        null,
        null,
        null,
        4,
        null,
        null,
        1,
        null,
        null,
        null,
        null,
        null,
        null,
        2,
        null,
        null,
        1,
        null,
        null,
        null,
        null,
        3,
        null,
        null,
        1,
        null,
        null,
        null,
        null,
        null,
        null,
        null,
        5,
        null,
        null,
        1,
        null,
        null,
        null,
        null,
        null,
        null,
        2,
        null,
        null
      ],
      "/Users/Max/Programming/turing/3module/projects/rales_engine/app/models/item.rb": [
        1,
        1,
        1,
        1,
        1,
        null,
        425,
        null,
        1,
        null,
        null,
        null,
        null,
        6,
        null,
        null,
        1,
        null,
        null,
        null,
        null,
        null,
        1,
        null,
        null
      ],
      "/Users/Max/Programming/turing/3module/projects/rales_engine/app/models/merchant.rb": [
        1,
        1,
        1,
        1,
        null,
        1,
        1,
        null,
        1,
        null,
        null,
        null,
        null,
        5,
        null,
        null,
        1,
        null,
        null,
        null,
        null,
        null,
        null,
        3,
        null,
        null
      ],
      "/Users/Max/Programming/turing/3module/projects/rales_engine/app/models/transaction.rb": [
        1,
        1,
        null,
        1,
        null,
        24,
        1,
        null,
        null
      ],
      "/Users/Max/Programming/turing/3module/projects/rales_engine/app/controllers/api/v1/customers/favorite_merchant_controller.rb": [
        1,
        null,
        1,
        2,
        null,
        2,
        null,
        null,
        null
      ],
      "/Users/Max/Programming/turing/3module/projects/rales_engine/app/controllers/application_controller.rb": [
        1,
        1,
        4,
        null,
        null,
        1,
        6,
        null,
        null
      ],
      "/Users/Max/Programming/turing/3module/projects/rales_engine/app/serializers/merchant_serializer.rb": [
        1,
        1,
        null
      ],
      "/Users/Max/Programming/turing/3module/projects/rales_engine/app/controllers/api/v1/items/best_day_controller.rb": [
        1,
        null,
        1,
        1,
        null,
        1,
        null,
        null
      ],
      "/Users/Max/Programming/turing/3module/projects/rales_engine/app/controllers/api/v1/items/most_revenue_controller.rb": [
        1,
        1,
        4,
        null,
        null
      ],
      "/Users/Max/Programming/turing/3module/projects/rales_engine/app/serializers/item_serializer.rb": [
        1,
        1,
        null,
        1,
        61,
        null,
        null
      ],
      "/Users/Max/Programming/turing/3module/projects/rales_engine/app/controllers/api/v1/items/most_items_controller.rb": [
        1,
        null,
        1,
        1,
        null,
        1,
        null,
        null
      ],
      "/Users/Max/Programming/turing/3module/projects/rales_engine/app/controllers/api/v1/merchants/pending_customers_controller.rb": [
        1,
        1,
        2,
        null,
        null
      ],
      "/Users/Max/Programming/turing/3module/projects/rales_engine/app/serializers/customer_serializer.rb": [
        1,
        1,
        null
      ],
      "/Users/Max/Programming/turing/3module/projects/rales_engine/app/controllers/api/v1/merchants/most_items_controller.rb": [
        1,
        null,
        1,
        3,
        null,
        3,
        null,
        null
      ],
      "/Users/Max/Programming/turing/3module/projects/rales_engine/app/controllers/api/v1/merchants/total_revenue_controller.rb": [
        1,
        1,
        3,
        3,
        null,
        null,
        1,
        3,
        1,
        null,
        2,
        null,
        3,
        null,
        null
      ],
      "/Users/Max/Programming/turing/3module/projects/rales_engine/app/controllers/api/v1/merchants/favorite_customer_controller.rb": [
        1,
        1,
        3,
        null,
        3,
        null,
        null
      ],
      "/Users/Max/Programming/turing/3module/projects/rales_engine/app/controllers/api/v1/merchants/most_revenue_controller.rb": [
        1,
        1,
        3,
        null,
        null
      ],
      "/Users/Max/Programming/turing/3module/projects/rales_engine/app/controllers/api/v1/customers/customers_controller.rb": [
        1,
        null,
        1,
        1,
        null,
        null,
        1,
        1,
        null,
        null,
        null
      ],
      "/Users/Max/Programming/turing/3module/projects/rales_engine/app/controllers/api/v1/customers/search_controller.rb": [
        1,
        1,
        5,
        1,
        4,
        1,
        null,
        3,
        null,
        5,
        null,
        null,
        1,
        5,
        1,
        4,
        1,
        null,
        3,
        null,
        5,
        null,
        null,
        1,
        null,
        1,
        6,
        null,
        null
      ],
      "/Users/Max/Programming/turing/3module/projects/rales_engine/app/controllers/api/v1/invoice_items/invoice_items_controller.rb": [
        1,
        1,
        1,
        null,
        null,
        1,
        1,
        null,
        null
      ],
      "/Users/Max/Programming/turing/3module/projects/rales_engine/app/serializers/invoice_item_serializer.rb": [
        1,
        1,
        null,
        1,
        55,
        null,
        null
      ],
      "/Users/Max/Programming/turing/3module/projects/rales_engine/app/controllers/api/v1/invoice_items/search_controller.rb": [
        1,
        1,
        7,
        null,
        null,
        1,
        7,
        null,
        null,
        1,
        1,
        14,
        14,
        null,
        null
      ],
      "/Users/Max/Programming/turing/3module/projects/rales_engine/app/controllers/api/v1/invoice_items/random_controller.rb": [
        1,
        1,
        1,
        null,
        null,
        null
      ],
      "/Users/Max/Programming/turing/3module/projects/rales_engine/app/controllers/api/v1/invoices/invoices_controller.rb": [
        1,
        1,
        1,
        null,
        null,
        1,
        1,
        null,
        null
      ],
      "/Users/Max/Programming/turing/3module/projects/rales_engine/app/serializers/invoice_serializer.rb": [
        1,
        1,
        null
      ],
      "/Users/Max/Programming/turing/3module/projects/rales_engine/app/controllers/api/v1/invoices/search_controller.rb": [
        1,
        1,
        6,
        null,
        null,
        1,
        6,
        null,
        null,
        1,
        1,
        12,
        null,
        null
      ],
      "/Users/Max/Programming/turing/3module/projects/rales_engine/app/controllers/api/v1/invoices/random_controller.rb": [
        1,
        1,
        1,
        null,
        null
      ],
      "/Users/Max/Programming/turing/3module/projects/rales_engine/app/controllers/api/v1/items/items_controller.rb": [
        1,
        1,
        1,
        null,
        null,
        1,
        1,
        null,
        null
      ],
      "/Users/Max/Programming/turing/3module/projects/rales_engine/app/controllers/api/v1/items/search_controller.rb": [
        1,
        1,
        7,
        1,
        6,
        1,
        null,
        5,
        null,
        7,
        null,
        null,
        1,
        7,
        1,
        6,
        1,
        null,
        5,
        null,
        7,
        null,
        null,
        1,
        1,
        10,
        10,
        null,
        null
      ],
      "/Users/Max/Programming/turing/3module/projects/rales_engine/app/controllers/api/v1/items/random_controller.rb": [
        1,
        1,
        1,
        null,
        null
      ],
      "/Users/Max/Programming/turing/3module/projects/rales_engine/app/controllers/api/v1/merchants/merchants_controller.rb": [
        1,
        null,
        1,
        1,
        null,
        null,
        1,
        1,
        null,
        null,
        null
      ],
      "/Users/Max/Programming/turing/3module/projects/rales_engine/app/controllers/api/v1/merchants/search_controller.rb": [
        1,
        1,
        4,
        1,
        null,
        3,
        null,
        4,
        null,
        null,
        1,
        4,
        1,
        null,
        3,
        null,
        4,
        null,
        null,
        1,
        null,
        1,
        6,
        null,
        null
      ],
      "/Users/Max/Programming/turing/3module/projects/rales_engine/app/controllers/api/v1/transactions/transactions_controller.rb": [
        1,
        null,
        1,
        1,
        null,
        null,
        1,
        1,
        null,
        null
      ],
      "/Users/Max/Programming/turing/3module/projects/rales_engine/app/serializers/transaction_serializer.rb": [
        1,
        1,
        null,
        null,
        null
      ],
      "/Users/Max/Programming/turing/3module/projects/rales_engine/app/controllers/api/v1/transactions/search_controller.rb": [
        1,
        null,
        null,
        1,
        4,
        null,
        null,
        1,
        4,
        null,
        null,
        1,
        null,
        1,
        8,
        null,
        null
      ],
      "/Users/Max/Programming/turing/3module/projects/rales_engine/app/controllers/api/v1/customers/customer_invoices_controller.rb": [
        1,
        1,
        1,
        null,
        null
      ],
      "/Users/Max/Programming/turing/3module/projects/rales_engine/app/controllers/api/v1/customers/customer_transactions_controller.rb": [
        1,
        1,
        1,
        null,
        null
      ],
      "/Users/Max/Programming/turing/3module/projects/rales_engine/app/controllers/api/v1/invoices/invoice_customer_controller.rb": [
        1,
        null,
        1,
        1,
        null,
        null
      ],
      "/Users/Max/Programming/turing/3module/projects/rales_engine/app/controllers/api/v1/invoices/invoice_invoice_items_controller.rb": [
        1,
        1,
        1,
        null,
        null
      ],
      "/Users/Max/Programming/turing/3module/projects/rales_engine/app/controllers/api/v1/invoice_items/invoice_items_invoice_controller.rb": [
        1,
        1,
        1,
        null,
        null
      ],
      "/Users/Max/Programming/turing/3module/projects/rales_engine/app/controllers/api/v1/invoice_items/invoice_items_item_controller.rb": [
        1,
        1,
        1,
        null,
        null
      ],
      "/Users/Max/Programming/turing/3module/projects/rales_engine/app/controllers/api/v1/invoices/invoice_items_controller.rb": [
        1,
        1,
        1,
        null,
        null
      ],
      "/Users/Max/Programming/turing/3module/projects/rales_engine/app/controllers/api/v1/invoices/invoice_merchant_controller.rb": [
        1,
        1,
        1,
        null,
        null,
        null
      ],
      "/Users/Max/Programming/turing/3module/projects/rales_engine/app/controllers/api/v1/invoices/invoice_transactions_controller.rb": [
        1,
        1,
        1,
        null,
        null
      ],
      "/Users/Max/Programming/turing/3module/projects/rales_engine/app/controllers/api/v1/items/item_merchant_controller.rb": [
        1,
        1,
        1,
        null,
        null
      ],
      "/Users/Max/Programming/turing/3module/projects/rales_engine/app/controllers/api/v1/items/item_invoice_items_controller.rb": [
        1,
        1,
        1,
        null,
        null
      ],
      "/Users/Max/Programming/turing/3module/projects/rales_engine/app/controllers/api/v1/merchants/merchant_items_controller.rb": [
        1,
        1,
        1,
        null,
        null
      ],
      "/Users/Max/Programming/turing/3module/projects/rales_engine/app/controllers/api/v1/merchants/merchant_invoices_controller.rb": [
        1,
        1,
        1,
        null,
        null
      ],
      "/Users/Max/Programming/turing/3module/projects/rales_engine/app/controllers/api/v1/transactions/transaction_invoice_controller.rb": [
        1,
        1,
        1,
        null,
        null
      ],
      "/Users/Max/Programming/turing/3module/projects/rales_engine/app/mailers/application_mailer.rb": [
        0,
        0,
        0,
        0
      ],
      "/Users/Max/Programming/turing/3module/projects/rales_engine/app/jobs/application_job.rb": [
        0,
        0
      ],
      "/Users/Max/Programming/turing/3module/projects/rales_engine/app/controllers/api/v1/customers/random_controller.rb": [
        0,
        0,
        0,
        0,
        0
      ],
      "/Users/Max/Programming/turing/3module/projects/rales_engine/app/controllers/api/v1/merchants_controller.rb": [
        0,
        null,
        0,
        0,
        0,
        null,
        0,
        0,
        0,
        null,
        0
      ],
      "/Users/Max/Programming/turing/3module/projects/rales_engine/app/controllers/api/v1/merchants/random_controller.rb": [
        0,
        0,
        0,
        0,
        0
      ],
      "/Users/Max/Programming/turing/3module/projects/rales_engine/app/controllers/api/v1/transactions/random_controller.rb": [
        0,
        0,
        0,
        0,
        0
      ],
      "/Users/Max/Programming/turing/3module/projects/rales_engine/app/controllers/api/v1/invoice_items/invoice_items_merchant_contoller.rb": [
        0,
        0,
        0,
        0,
        0
      ],
      "/Users/Max/Programming/turing/3module/projects/rales_engine/app/channels/application_cable/connection.rb": [
        0,
        0,
        0,
        0
      ],
      "/Users/Max/Programming/turing/3module/projects/rales_engine/app/channels/application_cable/channel.rb": [
        0,
        0,
        0,
        0
      ]
    },
    "timestamp": 1517774102
  }
}
